Classic Timing Analyzer report for q1215
Mon Dec 15 10:05:45 2025
Quartus II Version 9.1 Build 350 03/24/2010 Service Pack 2 SJ Web Edition


---------------------
; Table of Contents ;
---------------------
  1. Legal Notice
  2. Timing Analyzer Summary
  3. Timing Analyzer Settings
  4. Clock Settings Summary
  5. Parallel Compilation
  6. tsu
  7. tco
  8. th
  9. Timing Analyzer Messages



----------------
; Legal Notice ;
----------------
Copyright (C) 1991-2010 Altera Corporation
Your use of Altera Corporation's design tools, logic functions 
and other software and tools, and its AMPP partner logic 
functions, and any output files from any of the foregoing 
(including device programming or simulation files), and any 
associated documentation or information are expressly subject 
to the terms and conditions of the Altera Program License 
Subscription Agreement, Altera MegaCore Function License 
Agreement, or other applicable license agreement, including, 
without limitation, that your use is for the sole purpose of 
programming logic devices manufactured by Altera and sold by 
Altera or its authorized distributors.  Please refer to the 
applicable agreement for further details.



+-----------------------------------------------------------------------------------------------------------------------------------+
; Timing Analyzer Summary                                                                                                           ;
+------------------------------+-------+---------------+-------------+-----------+-----------+------------+----------+--------------+
; Type                         ; Slack ; Required Time ; Actual Time ; From      ; To        ; From Clock ; To Clock ; Failed Paths ;
+------------------------------+-------+---------------+-------------+-----------+-----------+------------+----------+--------------+
; Worst-case tsu               ; N/A   ; None          ; 4.614 ns    ; S         ; Q[0]~reg0 ; --         ; CK       ; 0            ;
; Worst-case tco               ; N/A   ; None          ; 9.809 ns    ; Q[0]~reg0 ; Q[0]      ; CK         ; --       ; 0            ;
; Worst-case th                ; N/A   ; None          ; -1.508 ns   ; PR        ; Q[0]~reg0 ; --         ; CK       ; 0            ;
; Total number of failed paths ;       ;               ;             ;           ;           ;            ;          ; 0            ;
+------------------------------+-------+---------------+-------------+-----------+-----------+------------+----------+--------------+


+-----------------------------------------------------------------------------------------------------------------------------------------------------+
; Timing Analyzer Settings                                                                                                                            ;
+------------------------------------------------------------------------------------------------------+--------------------+------+----+-------------+
; Option                                                                                               ; Setting            ; From ; To ; Entity Name ;
+------------------------------------------------------------------------------------------------------+--------------------+------+----+-------------+
; Device Name                                                                                          ; EPM1270T144C5      ;      ;    ;             ;
; Timing Models                                                                                        ; Final              ;      ;    ;             ;
; Default hold multicycle                                                                              ; Same as Multicycle ;      ;    ;             ;
; Cut paths between unrelated clock domains                                                            ; On                 ;      ;    ;             ;
; Cut off read during write signal paths                                                               ; On                 ;      ;    ;             ;
; Cut off feedback from I/O pins                                                                       ; On                 ;      ;    ;             ;
; Report Combined Fast/Slow Timing                                                                     ; Off                ;      ;    ;             ;
; Ignore Clock Settings                                                                                ; Off                ;      ;    ;             ;
; Analyze latches as synchronous elements                                                              ; On                 ;      ;    ;             ;
; Enable Recovery/Removal analysis                                                                     ; Off                ;      ;    ;             ;
; Enable Clock Latency                                                                                 ; Off                ;      ;    ;             ;
; Use TimeQuest Timing Analyzer                                                                        ; Off                ;      ;    ;             ;
; Minimum Core Junction Temperature                                                                    ; 0                  ;      ;    ;             ;
; Maximum Core Junction Temperature                                                                    ; 85                 ;      ;    ;             ;
; Number of source nodes to report per destination node                                                ; 10                 ;      ;    ;             ;
; Number of destination nodes to report                                                                ; 10                 ;      ;    ;             ;
; Number of paths to report                                                                            ; 200                ;      ;    ;             ;
; Report Minimum Timing Checks                                                                         ; Off                ;      ;    ;             ;
; Use Fast Timing Models                                                                               ; Off                ;      ;    ;             ;
; Report IO Paths Separately                                                                           ; Off                ;      ;    ;             ;
; Perform Multicorner Analysis                                                                         ; Off                ;      ;    ;             ;
; Reports the worst-case path for each clock domain and analysis                                       ; Off                ;      ;    ;             ;
; Reports worst-case timing paths for each clock domain and analysis                                   ; On                 ;      ;    ;             ;
; Specifies the maximum number of worst-case timing paths to report for each clock domain and analysis ; 100                ;      ;    ;             ;
; Removes common clock path pessimism (CCPP) during slack computation                                  ; Off                ;      ;    ;             ;
; Output I/O Timing Endpoint                                                                           ; Near End           ;      ;    ;             ;
+------------------------------------------------------------------------------------------------------+--------------------+------+----+-------------+


+------------------------------------------------------------------------------------------------------------------------------------------------------------------------------------+
; Clock Settings Summary                                                                                                                                                             ;
+-----------------+--------------------+----------+------------------+---------------+--------------+----------+-----------------------+---------------------+--------+--------------+
; Clock Node Name ; Clock Setting Name ; Type     ; Fmax Requirement ; Early Latency ; Late Latency ; Based on ; Multiply Base Fmax by ; Divide Base Fmax by ; Offset ; Phase offset ;
+-----------------+--------------------+----------+------------------+---------------+--------------+----------+-----------------------+---------------------+--------+--------------+
; CK              ;                    ; User Pin ; None             ; 0.000 ns      ; 0.000 ns     ; --       ; N/A                   ; N/A                 ; N/A    ;              ;
+-----------------+--------------------+----------+------------------+---------------+--------------+----------+-----------------------+---------------------+--------+--------------+


Parallel compilation was disabled, but you have multiple processors available. Enable parallel compilation to reduce compilation time.
+-------------------------------------+
; Parallel Compilation                ;
+----------------------------+--------+
; Processors                 ; Number ;
+----------------------------+--------+
; Number detected on machine ; 14     ;
; Maximum allowed            ; 1      ;
+----------------------------+--------+


+--------------------------------------------------------------------+
; tsu                                                                ;
+-------+--------------+------------+------+--------------+----------+
; Slack ; Required tsu ; Actual tsu ; From ; To           ; To Clock ;
+-------+--------------+------------+------+--------------+----------+
; N/A   ; None         ; 4.614 ns   ; S    ; Q[1]~reg0    ; CK       ;
; N/A   ; None         ; 4.614 ns   ; S    ; Qbar[0]~reg0 ; CK       ;
; N/A   ; None         ; 4.614 ns   ; S    ; Qbar[1]~reg0 ; CK       ;
; N/A   ; None         ; 4.614 ns   ; S    ; Q[0]~reg0    ; CK       ;
; N/A   ; None         ; 3.628 ns   ; R    ; Q[1]~reg0    ; CK       ;
; N/A   ; None         ; 3.628 ns   ; R    ; Qbar[0]~reg0 ; CK       ;
; N/A   ; None         ; 3.628 ns   ; R    ; Qbar[1]~reg0 ; CK       ;
; N/A   ; None         ; 3.628 ns   ; R    ; Q[0]~reg0    ; CK       ;
; N/A   ; None         ; 3.240 ns   ; CLR  ; Qbar[1]~reg0 ; CK       ;
; N/A   ; None         ; 3.239 ns   ; CLR  ; Q[1]~reg0    ; CK       ;
; N/A   ; None         ; 3.122 ns   ; PR   ; Q[1]~reg0    ; CK       ;
; N/A   ; None         ; 3.122 ns   ; PR   ; Qbar[0]~reg0 ; CK       ;
; N/A   ; None         ; 3.122 ns   ; PR   ; Qbar[1]~reg0 ; CK       ;
; N/A   ; None         ; 3.122 ns   ; PR   ; Q[0]~reg0    ; CK       ;
; N/A   ; None         ; 2.811 ns   ; CLR  ; Qbar[0]~reg0 ; CK       ;
; N/A   ; None         ; 2.593 ns   ; CLR  ; Q[0]~reg0    ; CK       ;
+-------+--------------+------------+------+--------------+----------+


+-------------------------------------------------------------------------+
; tco                                                                     ;
+-------+--------------+------------+--------------+---------+------------+
; Slack ; Required tco ; Actual tco ; From         ; To      ; From Clock ;
+-------+--------------+------------+--------------+---------+------------+
; N/A   ; None         ; 9.809 ns   ; Q[0]~reg0    ; Q[0]    ; CK         ;
; N/A   ; None         ; 9.761 ns   ; Qbar[1]~reg0 ; Qbar[1] ; CK         ;
; N/A   ; None         ; 8.919 ns   ; Q[1]~reg0    ; Q[1]    ; CK         ;
; N/A   ; None         ; 8.492 ns   ; Qbar[0]~reg0 ; Qbar[0] ; CK         ;
+-------+--------------+------------+--------------+---------+------------+


+--------------------------------------------------------------------------+
; th                                                                       ;
+---------------+-------------+-----------+------+--------------+----------+
; Minimum Slack ; Required th ; Actual th ; From ; To           ; To Clock ;
+---------------+-------------+-----------+------+--------------+----------+
; N/A           ; None        ; -1.508 ns ; PR   ; Q[0]~reg0    ; CK       ;
; N/A           ; None        ; -1.522 ns ; R    ; Q[0]~reg0    ; CK       ;
; N/A           ; None        ; -1.630 ns ; CLR  ; Q[0]~reg0    ; CK       ;
; N/A           ; None        ; -2.027 ns ; R    ; Qbar[0]~reg0 ; CK       ;
; N/A           ; None        ; -2.039 ns ; CLR  ; Q[1]~reg0    ; CK       ;
; N/A           ; None        ; -2.039 ns ; CLR  ; Qbar[0]~reg0 ; CK       ;
; N/A           ; None        ; -2.039 ns ; CLR  ; Qbar[1]~reg0 ; CK       ;
; N/A           ; None        ; -2.083 ns ; PR   ; Qbar[0]~reg0 ; CK       ;
; N/A           ; None        ; -2.429 ns ; S    ; Q[0]~reg0    ; CK       ;
; N/A           ; None        ; -2.455 ns ; R    ; Q[1]~reg0    ; CK       ;
; N/A           ; None        ; -2.456 ns ; R    ; Qbar[1]~reg0 ; CK       ;
; N/A           ; None        ; -2.511 ns ; PR   ; Q[1]~reg0    ; CK       ;
; N/A           ; None        ; -2.512 ns ; PR   ; Qbar[1]~reg0 ; CK       ;
; N/A           ; None        ; -3.032 ns ; S    ; Qbar[0]~reg0 ; CK       ;
; N/A           ; None        ; -3.460 ns ; S    ; Q[1]~reg0    ; CK       ;
; N/A           ; None        ; -3.461 ns ; S    ; Qbar[1]~reg0 ; CK       ;
+---------------+-------------+-----------+------+--------------+----------+


+--------------------------+
; Timing Analyzer Messages ;
+--------------------------+
Info: *******************************************************************
Info: Running Quartus II Classic Timing Analyzer
    Info: Version 9.1 Build 350 03/24/2010 Service Pack 2 SJ Web Edition
    Info: Processing started: Mon Dec 15 10:05:45 2025
Info: Command: quartus_tan --read_settings_files=off --write_settings_files=off q1215 -c q1215
Info: Started post-fitting delay annotation
Info: Delay annotation completed successfully
Warning: Found pins functioning as undefined clocks and/or memory enables
    Info: Assuming node "CK" is an undefined clock
Info: No valid register-to-register data paths exist for clock "CK"
Info: tsu for register "Q[1]~reg0" (data pin = "S", clock pin = "CK") is 4.614 ns
    Info: + Longest pin to register delay is 8.100 ns
        Info: 1: + IC(0.000 ns) + CELL(1.132 ns) = 1.132 ns; Loc. = PIN_78; Fanout = 3; PIN Node = 'S'
        Info: 2: + IC(4.533 ns) + CELL(0.511 ns) = 6.176 ns; Loc. = LC_X4_Y10_N1; Fanout = 4; COMB Node = 'Q[0]~1'
        Info: 3: + IC(0.681 ns) + CELL(1.243 ns) = 8.100 ns; Loc. = LC_X4_Y10_N9; Fanout = 1; REG Node = 'Q[1]~reg0'
        Info: Total cell delay = 2.886 ns ( 35.63 % )
        Info: Total interconnect delay = 5.214 ns ( 64.37 % )
    Info: + Micro setup delay of destination is 0.333 ns
    Info: - Shortest clock path from clock "CK" to destination register is 3.819 ns
        Info: 1: + IC(0.000 ns) + CELL(1.163 ns) = 1.163 ns; Loc. = PIN_18; Fanout = 4; CLK Node = 'CK'
        Info: 2: + IC(1.738 ns) + CELL(0.918 ns) = 3.819 ns; Loc. = LC_X4_Y10_N9; Fanout = 1; REG Node = 'Q[1]~reg0'
        Info: Total cell delay = 2.081 ns ( 54.49 % )
        Info: Total interconnect delay = 1.738 ns ( 45.51 % )
Info: tco from clock "CK" to destination pin "Q[0]" through register "Q[0]~reg0" is 9.809 ns
    Info: + Longest clock path from clock "CK" to source register is 3.819 ns
        Info: 1: + IC(0.000 ns) + CELL(1.163 ns) = 1.163 ns; Loc. = PIN_18; Fanout = 4; CLK Node = 'CK'
        Info: 2: + IC(1.738 ns) + CELL(0.918 ns) = 3.819 ns; Loc. = LC_X4_Y10_N3; Fanout = 1; REG Node = 'Q[0]~reg0'
        Info: Total cell delay = 2.081 ns ( 54.49 % )
        Info: Total interconnect delay = 1.738 ns ( 45.51 % )
    Info: + Micro clock to output delay of source is 0.376 ns
    Info: + Longest register to pin delay is 5.614 ns
        Info: 1: + IC(0.000 ns) + CELL(0.000 ns) = 0.000 ns; Loc. = LC_X4_Y10_N3; Fanout = 1; REG Node = 'Q[0]~reg0'
        Info: 2: + IC(3.292 ns) + CELL(2.322 ns) = 5.614 ns; Loc. = PIN_45; Fanout = 0; PIN Node = 'Q[0]'
        Info: Total cell delay = 2.322 ns ( 41.36 % )
        Info: Total interconnect delay = 3.292 ns ( 58.64 % )
Info: th for register "Q[0]~reg0" (data pin = "PR", clock pin = "CK") is -1.508 ns
    Info: + Longest clock path from clock "CK" to destination register is 3.819 ns
        Info: 1: + IC(0.000 ns) + CELL(1.163 ns) = 1.163 ns; Loc. = PIN_18; Fanout = 4; CLK Node = 'CK'
        Info: 2: + IC(1.738 ns) + CELL(0.918 ns) = 3.819 ns; Loc. = LC_X4_Y10_N3; Fanout = 1; REG Node = 'Q[0]~reg0'
        Info: Total cell delay = 2.081 ns ( 54.49 % )
        Info: Total interconnect delay = 1.738 ns ( 45.51 % )
    Info: + Micro hold delay of destination is 0.221 ns
    Info: - Shortest pin to register delay is 5.548 ns
        Info: 1: + IC(0.000 ns) + CELL(1.132 ns) = 1.132 ns; Loc. = PIN_1; Fanout = 3; PIN Node = 'PR'
        Info: 2: + IC(3.355 ns) + CELL(1.061 ns) = 5.548 ns; Loc. = LC_X4_Y10_N3; Fanout = 1; REG Node = 'Q[0]~reg0'
        Info: Total cell delay = 2.193 ns ( 39.53 % )
        Info: Total interconnect delay = 3.355 ns ( 60.47 % )
Info: Quartus II Classic Timing Analyzer was successful. 0 errors, 1 warning
    Info: Peak virtual memory: 192 megabytes
    Info: Processing ended: Mon Dec 15 10:05:45 2025
    Info: Elapsed time: 00:00:00
    Info: Total CPU time (on all processors): 00:00:00


