Classic Timing Analyzer report for q12155
Mon Dec 15 11:24:28 2025
Quartus II Version 9.1 Build 350 03/24/2010 Service Pack 2 SJ Web Edition


---------------------
; Table of Contents ;
---------------------
  1. Legal Notice
  2. Timing Analyzer Summary
  3. Timing Analyzer Settings
  4. Clock Settings Summary
  5. Parallel Compilation
  6. tsu
  7. tco
  8. th
  9. Timing Analyzer Messages



----------------
; Legal Notice ;
----------------
Copyright (C) 1991-2010 Altera Corporation
Your use of Altera Corporation's design tools, logic functions 
and other software and tools, and its AMPP partner logic 
functions, and any output files from any of the foregoing 
(including device programming or simulation files), and any 
associated documentation or information are expressly subject 
to the terms and conditions of the Altera Program License 
Subscription Agreement, Altera MegaCore Function License 
Agreement, or other applicable license agreement, including, 
without limitation, that your use is for the sole purpose of 
programming logic devices manufactured by Altera and sold by 
Altera or its authorized distributors.  Please refer to the 
applicable agreement for further details.



+--------------------------------------------------------------------------------------------------------------------------------+
; Timing Analyzer Summary                                                                                                        ;
+------------------------------+-------+---------------+-------------+--------+-----------+------------+----------+--------------+
; Type                         ; Slack ; Required Time ; Actual Time ; From   ; To        ; From Clock ; To Clock ; Failed Paths ;
+------------------------------+-------+---------------+-------------+--------+-----------+------------+----------+--------------+
; Worst-case tsu               ; N/A   ; None          ; 1.353 ns    ; D      ; Qbar~reg0 ; --         ; CK       ; 0            ;
; Worst-case tco               ; N/A   ; None          ; 10.105 ns   ; Q~reg0 ; Q         ; CK         ; --       ; 0            ;
; Worst-case th                ; N/A   ; None          ; -0.794 ns   ; D      ; Q~reg0    ; --         ; CK       ; 0            ;
; Total number of failed paths ;       ;               ;             ;        ;           ;            ;          ; 0            ;
+------------------------------+-------+---------------+-------------+--------+-----------+------------+----------+--------------+


+-----------------------------------------------------------------------------------------------------------------------------------------------------+
; Timing Analyzer Settings                                                                                                                            ;
+------------------------------------------------------------------------------------------------------+--------------------+------+----+-------------+
; Option                                                                                               ; Setting            ; From ; To ; Entity Name ;
+------------------------------------------------------------------------------------------------------+--------------------+------+----+-------------+
; Device Name                                                                                          ; EPM1270T144C5      ;      ;    ;             ;
; Timing Models                                                                                        ; Final              ;      ;    ;             ;
; Default hold multicycle                                                                              ; Same as Multicycle ;      ;    ;             ;
; Cut paths between unrelated clock domains                                                            ; On                 ;      ;    ;             ;
; Cut off read during write signal paths                                                               ; On                 ;      ;    ;             ;
; Cut off feedback from I/O pins                                                                       ; On                 ;      ;    ;             ;
; Report Combined Fast/Slow Timing                                                                     ; Off                ;      ;    ;             ;
; Ignore Clock Settings                                                                                ; Off                ;      ;    ;             ;
; Analyze latches as synchronous elements                                                              ; On                 ;      ;    ;             ;
; Enable Recovery/Removal analysis                                                                     ; Off                ;      ;    ;             ;
; Enable Clock Latency                                                                                 ; Off                ;      ;    ;             ;
; Use TimeQuest Timing Analyzer                                                                        ; Off                ;      ;    ;             ;
; Minimum Core Junction Temperature                                                                    ; 0                  ;      ;    ;             ;
; Maximum Core Junction Temperature                                                                    ; 85                 ;      ;    ;             ;
; Number of source nodes to report per destination node                                                ; 10                 ;      ;    ;             ;
; Number of destination nodes to report                                                                ; 10                 ;      ;    ;             ;
; Number of paths to report                                                                            ; 200                ;      ;    ;             ;
; Report Minimum Timing Checks                                                                         ; Off                ;      ;    ;             ;
; Use Fast Timing Models                                                                               ; Off                ;      ;    ;             ;
; Report IO Paths Separately                                                                           ; Off                ;      ;    ;             ;
; Perform Multicorner Analysis                                                                         ; Off                ;      ;    ;             ;
; Reports the worst-case path for each clock domain and analysis                                       ; Off                ;      ;    ;             ;
; Reports worst-case timing paths for each clock domain and analysis                                   ; On                 ;      ;    ;             ;
; Specifies the maximum number of worst-case timing paths to report for each clock domain and analysis ; 100                ;      ;    ;             ;
; Removes common clock path pessimism (CCPP) during slack computation                                  ; Off                ;      ;    ;             ;
; Output I/O Timing Endpoint                                                                           ; Near End           ;      ;    ;             ;
+------------------------------------------------------------------------------------------------------+--------------------+------+----+-------------+


+------------------------------------------------------------------------------------------------------------------------------------------------------------------------------------+
; Clock Settings Summary                                                                                                                                                             ;
+-----------------+--------------------+----------+------------------+---------------+--------------+----------+-----------------------+---------------------+--------+--------------+
; Clock Node Name ; Clock Setting Name ; Type     ; Fmax Requirement ; Early Latency ; Late Latency ; Based on ; Multiply Base Fmax by ; Divide Base Fmax by ; Offset ; Phase offset ;
+-----------------+--------------------+----------+------------------+---------------+--------------+----------+-----------------------+---------------------+--------+--------------+
; CK              ;                    ; User Pin ; None             ; 0.000 ns      ; 0.000 ns     ; --       ; N/A                   ; N/A                 ; N/A    ;              ;
+-----------------+--------------------+----------+------------------+---------------+--------------+----------+-----------------------+---------------------+--------+--------------+


Parallel compilation was disabled, but you have multiple processors available. Enable parallel compilation to reduce compilation time.
+-------------------------------------+
; Parallel Compilation                ;
+----------------------------+--------+
; Processors                 ; Number ;
+----------------------------+--------+
; Number detected on machine ; 14     ;
; Maximum allowed            ; 1      ;
+----------------------------+--------+


+-----------------------------------------------------------------+
; tsu                                                             ;
+-------+--------------+------------+------+-----------+----------+
; Slack ; Required tsu ; Actual tsu ; From ; To        ; To Clock ;
+-------+--------------+------------+------+-----------+----------+
; N/A   ; None         ; 1.353 ns   ; D    ; Qbar~reg0 ; CK       ;
; N/A   ; None         ; 1.348 ns   ; D    ; Q~reg0    ; CK       ;
+-------+--------------+------------+------+-----------+----------+


+-------------------------------------------------------------------+
; tco                                                               ;
+-------+--------------+------------+-----------+------+------------+
; Slack ; Required tco ; Actual tco ; From      ; To   ; From Clock ;
+-------+--------------+------------+-----------+------+------------+
; N/A   ; None         ; 10.105 ns  ; Q~reg0    ; Q    ; CK         ;
; N/A   ; None         ; 9.204 ns   ; Qbar~reg0 ; Qbar ; CK         ;
+-------+--------------+------------+-----------+------+------------+


+-----------------------------------------------------------------------+
; th                                                                    ;
+---------------+-------------+-----------+------+-----------+----------+
; Minimum Slack ; Required th ; Actual th ; From ; To        ; To Clock ;
+---------------+-------------+-----------+------+-----------+----------+
; N/A           ; None        ; -0.794 ns ; D    ; Q~reg0    ; CK       ;
; N/A           ; None        ; -0.799 ns ; D    ; Qbar~reg0 ; CK       ;
+---------------+-------------+-----------+------+-----------+----------+


+--------------------------+
; Timing Analyzer Messages ;
+--------------------------+
Info: *******************************************************************
Info: Running Quartus II Classic Timing Analyzer
    Info: Version 9.1 Build 350 03/24/2010 Service Pack 2 SJ Web Edition
    Info: Processing started: Mon Dec 15 11:24:27 2025
Info: Command: quartus_tan --read_settings_files=off --write_settings_files=off q12155 -c q12155
Info: Started post-fitting delay annotation
Info: Delay annotation completed successfully
Warning: Found pins functioning as undefined clocks and/or memory enables
    Info: Assuming node "CK" is an undefined clock
Info: No valid register-to-register data paths exist for clock "CK"
Info: tsu for register "Qbar~reg0" (data pin = "D", clock pin = "CK") is 1.353 ns
    Info: + Longest pin to register delay is 4.839 ns
        Info: 1: + IC(0.000 ns) + CELL(1.132 ns) = 1.132 ns; Loc. = PIN_5; Fanout = 2; PIN Node = 'D'
        Info: 2: + IC(3.116 ns) + CELL(0.591 ns) = 4.839 ns; Loc. = LC_X1_Y9_N7; Fanout = 1; REG Node = 'Qbar~reg0'
        Info: Total cell delay = 1.723 ns ( 35.61 % )
        Info: Total interconnect delay = 3.116 ns ( 64.39 % )
    Info: + Micro setup delay of destination is 0.333 ns
    Info: - Shortest clock path from clock "CK" to destination register is 3.819 ns
        Info: 1: + IC(0.000 ns) + CELL(1.163 ns) = 1.163 ns; Loc. = PIN_18; Fanout = 2; CLK Node = 'CK'
        Info: 2: + IC(1.738 ns) + CELL(0.918 ns) = 3.819 ns; Loc. = LC_X1_Y9_N7; Fanout = 1; REG Node = 'Qbar~reg0'
        Info: Total cell delay = 2.081 ns ( 54.49 % )
        Info: Total interconnect delay = 1.738 ns ( 45.51 % )
Info: tco from clock "CK" to destination pin "Q" through register "Q~reg0" is 10.105 ns
    Info: + Longest clock path from clock "CK" to source register is 3.819 ns
        Info: 1: + IC(0.000 ns) + CELL(1.163 ns) = 1.163 ns; Loc. = PIN_18; Fanout = 2; CLK Node = 'CK'
        Info: 2: + IC(1.738 ns) + CELL(0.918 ns) = 3.819 ns; Loc. = LC_X1_Y9_N3; Fanout = 1; REG Node = 'Q~reg0'
        Info: Total cell delay = 2.081 ns ( 54.49 % )
        Info: Total interconnect delay = 1.738 ns ( 45.51 % )
    Info: + Micro clock to output delay of source is 0.376 ns
    Info: + Longest register to pin delay is 5.910 ns
        Info: 1: + IC(0.000 ns) + CELL(0.000 ns) = 0.000 ns; Loc. = LC_X1_Y9_N3; Fanout = 1; REG Node = 'Q~reg0'
        Info: 2: + IC(3.588 ns) + CELL(2.322 ns) = 5.910 ns; Loc. = PIN_114; Fanout = 0; PIN Node = 'Q'
        Info: Total cell delay = 2.322 ns ( 39.29 % )
        Info: Total interconnect delay = 3.588 ns ( 60.71 % )
Info: th for register "Q~reg0" (data pin = "D", clock pin = "CK") is -0.794 ns
    Info: + Longest clock path from clock "CK" to destination register is 3.819 ns
        Info: 1: + IC(0.000 ns) + CELL(1.163 ns) = 1.163 ns; Loc. = PIN_18; Fanout = 2; CLK Node = 'CK'
        Info: 2: + IC(1.738 ns) + CELL(0.918 ns) = 3.819 ns; Loc. = LC_X1_Y9_N3; Fanout = 1; REG Node = 'Q~reg0'
        Info: Total cell delay = 2.081 ns ( 54.49 % )
        Info: Total interconnect delay = 1.738 ns ( 45.51 % )
    Info: + Micro hold delay of destination is 0.221 ns
    Info: - Shortest pin to register delay is 4.834 ns
        Info: 1: + IC(0.000 ns) + CELL(1.132 ns) = 1.132 ns; Loc. = PIN_5; Fanout = 2; PIN Node = 'D'
        Info: 2: + IC(3.111 ns) + CELL(0.591 ns) = 4.834 ns; Loc. = LC_X1_Y9_N3; Fanout = 1; REG Node = 'Q~reg0'
        Info: Total cell delay = 1.723 ns ( 35.64 % )
        Info: Total interconnect delay = 3.111 ns ( 64.36 % )
Info: Quartus II Classic Timing Analyzer was successful. 0 errors, 1 warning
    Info: Peak virtual memory: 191 megabytes
    Info: Processing ended: Mon Dec 15 11:24:28 2025
    Info: Elapsed time: 00:00:01
    Info: Total CPU time (on all processors): 00:00:00


